ErrorException: fopen(/var/www/html/supplier_ds/importdemo/storage/app/Consolidated_Report_20241106061732.csv): Failed to open stream: No such file or directory in /var/www/html/supplier_ds/importdemo/app/Jobs/ExportConsolidatedReport.php:69
Stack trace:
#0 /var/www/html/supplier_ds/importdemo/vendor/laravel/framework/src/Illuminate/Foundation/Bootstrap/HandleExceptions.php(255): Illuminate\Foundation\Bootstrap\HandleExceptions->handleError()
#1 [internal function]: Illuminate\Foundation\Bootstrap\HandleExceptions->Illuminate\Foundation\Bootstrap\{closure}()
#2 /var/www/html/supplier_ds/importdemo/app/Jobs/ExportConsolidatedReport.php(69): fopen()
#3 /var/www/html/supplier_ds/importdemo/vendor/laravel/framework/src/Illuminate/Container/BoundMethod.php(36): App\Jobs\ExportConsolidatedReport->handle()
#4 /var/www/html/supplier_ds/importdemo/vendor/laravel/framework/src/Illuminate/Container/Util.php(41): Illuminate\Container\BoundMethod::Illuminate\Container\{closure}()
#5 /var/www/html/supplier_ds/importdemo/vendor/laravel/framework/src/Illuminate/Container/BoundMethod.php(93): Illuminate\Container\Util::unwrapIfClosure()
#6 /var/www/html/supplier_ds/importdemo/vendor/laravel/framework/src/Illuminate/Container/BoundMethod.php(37): Illuminate\Container\BoundMethod::callBoundMethod()
#7 /var/www/html/supplier_ds/importdemo/vendor/laravel/framework/src/Illuminate/Container/Container.php(662): Illuminate\Container\BoundMethod::call()
#8 /var/www/html/supplier_ds/importdemo/vendor/laravel/framework/src/Illuminate/Bus/Dispatcher.php(128): Illuminate\Container\Container->call()
#9 /var/www/html/supplier_ds/importdemo/vendor/laravel/framework/src/Illuminate/Pipeline/Pipeline.php(144): Illuminate\Bus\Dispatcher->Illuminate\Bus\{closure}()
#10 /var/www/html/supplier_ds/importdemo/vendor/laravel/framework/src/Illuminate/Pipeline/Pipeline.php(119): Illuminate\Pipeline\Pipeline->Illuminate\Pipeline\{closure}()
#11 /var/www/html/supplier_ds/importdemo/vendor/laravel/framework/src/Illuminate/Bus/Dispatcher.php(132): Illuminate\Pipeline\Pipeline->then()
#12 /var/www/html/supplier_ds/importdemo/vendor/laravel/framework/src/Illuminate/Queue/CallQueuedHandler.php(124): Illuminate\Bus\Dispatcher->dispatchNow()
#13 /var/www/html/supplier_ds/importdemo/vendor/laravel/framework/src/Illuminate/Pipeline/Pipeline.php(144): Illuminate\Queue\CallQueuedHandler->Illuminate\Queue\{closure}()
#14 /var/www/html/supplier_ds/importdemo/vendor/laravel/framework/src/Illuminate/Pipeline/Pipeline.php(119): Illuminate\Pipeline\Pipeline->Illuminate\Pipeline\{closure}()
#15 /var/www/html/supplier_ds/importdemo/vendor/laravel/framework/src/Illuminate/Queue/CallQueuedHandler.php(126): Illuminate\Pipeline\Pipeline->then()
#16 /var/www/html/supplier_ds/importdemo/vendor/laravel/framework/src/Illuminate/Queue/CallQueuedHandler.php(70): Illuminate\Queue\CallQueuedHandler->dispatchThroughMiddleware()
#17 /var/www/html/supplier_ds/importdemo/vendor/laravel/framework/src/Illuminate/Queue/Jobs/Job.php(102): Illuminate\Queue\CallQueuedHandler->call()
#18 /var/www/html/supplier_ds/importdemo/vendor/laravel/framework/src/Illuminate/Queue/Worker.php(439): Illuminate\Queue\Jobs\Job->fire()
#19 /var/www/html/supplier_ds/importdemo/vendor/laravel/framework/src/Illuminate/Queue/Worker.php(389): Illuminate\Queue\Worker->process()
#20 /var/www/html/supplier_ds/importdemo/vendor/laravel/framework/src/Illuminate/Queue/Worker.php(176): Illuminate\Queue\Worker->runJob()
#21 /var/www/html/supplier_ds/importdemo/vendor/laravel/framework/src/Illuminate/Queue/Console/WorkCommand.php(138): Illuminate\Queue\Worker->daemon()
#22 /var/www/html/supplier_ds/importdemo/vendor/laravel/framework/src/Illuminate/Queue/Console/WorkCommand.php(121): Illuminate\Queue\Console\WorkCommand->runWorker()
#23 /var/www/html/supplier_ds/importdemo/vendor/laravel/framework/src/Illuminate/Container/BoundMethod.php(36): Illuminate\Queue\Console\WorkCommand->handle()
#24 /var/www/html/supplier_ds/importdemo/vendor/laravel/framework/src/Illuminate/Container/Util.php(41): Illuminate\Container\BoundMethod::Illuminate\Container\{closure}()
#25 /var/www/html/supplier_ds/importdemo/vendor/laravel/framework/src/Illuminate/Container/BoundMethod.php(93): Illuminate\Container\Util::unwrapIfClosure()
#26 /var/www/html/supplier_ds/importdemo/vendor/laravel/framework/src/Illuminate/Container/BoundMethod.php(37): Illuminate\Container\BoundMethod::callBoundMethod()
#27 /var/www/html/supplier_ds/importdemo/vendor/laravel/framework/src/Illuminate/Container/Container.php(662): Illuminate\Container\BoundMethod::call()
#28 /var/www/html/supplier_ds/importdemo/vendor/laravel/framework/src/Illuminate/Console/Command.php(211): Illuminate\Container\Container->call()
#29 /var/www/html/supplier_ds/importdemo/vendor/symfony/console/Command/Command.php(326): Illuminate\Console\Command->execute()
#30 /var/www/html/supplier_ds/importdemo/vendor/laravel/framework/src/Illuminate/Console/Command.php(181): Symfony\Component\Console\Command\Command->run()
#31 /var/www/html/supplier_ds/importdemo/vendor/symfony/console/Application.php(1096): Illuminate\Console\Command->run()
#32 /var/www/html/supplier_ds/importdemo/vendor/symfony/console/Application.php(324): Symfony\Component\Console\Application->doRunCommand()
#33 /var/www/html/supplier_ds/importdemo/vendor/symfony/console/Application.php(175): Symfony\Component\Console\Application->doRun()
#34 /var/www/html/supplier_ds/importdemo/vendor/laravel/framework/src/Illuminate/Foundation/Console/Kernel.php(201): Symfony\Component\Console\Application->run()
#35 /var/www/html/supplier_ds/importdemo/artisan(37): Illuminate\Foundation\Console\Kernel->handle()
#36 {main}